<?xml version="1.0" encoding="UTF-8"?>


<beans xmlns="http://www.springframework.org/schema/beans"
	xmlns:xsi="http://www.w3.org/2001/XMLSchema-instance" xmlns:camel="http://camel.apache.org/schema/spring"
	xsi:schemaLocation="
       http://www.springframework.org/schema/beans http://www.springframework.org/schema/beans/spring-beans.xsd
       http://camel.apache.org/schema/spring http://camel.apache.org/schema/spring/camel-spring.xsd">
	
	
	<bean id="jndiTemplate" class="org.springframework.jndi.JndiTemplate">
		<property name="environment">
			<props>
				<!-- <prop key="java.naming.factory.initial">org.wildfly.naming.client.WildFlyInitialContextFactory</prop> -->
				<prop key="java.naming.factory.initial">org.jboss.naming.remote.client.InitialContextFactory</prop>
				<prop key="java.naming.provider.url">http-remoting://127.0.0.1:9089</prop>

			</props>
		</property>
	</bean>


	<bean name="jms" class="org.apache.camel.component.jms.JmsComponent">
		<property name="connectionFactory" ref="authenticatedConnectionFactory" />
	</bean>



	<bean id="jmsQueueConnectionFactory" class="org.springframework.jndi.JndiObjectFactoryBean">
		<property name="jndiTemplate">
			<ref bean="jndiTemplate" />
		</property>
		<property name="jndiName">
			 <value>jms/RemoteConnectionFactory</value>
		</property>
	</bean>

	 <bean id="authenticatedConnectionFactory"
		class="org.springframework.jms.connection.UserCredentialsConnectionFactoryAdapter">
		<property name="targetConnectionFactory" ref="jmsQueueConnectionFactory" />
	</bean> 
	<bean id="msgProcessor" class="com.temenos.ms.iris.sample.TestService.TestMessageProcessor" />

	<camelContext
		xmlns="http://camel.apache.org/schema/spring"
		id="test-jms-test-jms-service.service.v1.0.0">

		<camel:route>
			<from uri="jms:topic:ms-eventstore-inbox-topic" />

			<!-- <setBody>
				<simple>${body}Message at ${date:now:yyyy-MM-dd HH:mm:ss}</simple>
			</setBody> -->
			<process ref="msgProcessor" />
		</camel:route>
	</camelContext>

</beans>