<?xml version="1.0" encoding="UTF-8"?>
<PolicySet
    xmlns="urn:oasis:names:tc:xacml:3.0:core:schema:wd-17"
    xmlns:ns2="http://thalesgroup.com/authzforce/pdp/model/2014/12"
    PolicySetId="default" Version="1.0"
    PolicyCombiningAlgId="urn:oasis:names:tc:xacml:1.0:policy-combining-algorithm:first-applicable">
    <Target/>
    <Policy PolicyId="permit-only-allowed-accounts" Version="1.0"
        RuleCombiningAlgId="urn:oasis:names:tc:xacml:1.0:rule-combining-algorithm:first-applicable">
        <Target>
            <AnyOf>
                <AllOf>
                    <Match
                        MatchId="urn:oasis:names:tc:xacml:1.0:function:string-equal">
                        <AttributeValue
                            DataType="http://www.w3.org/2001/XMLSchema#string">CreateNewPaymentOrder</AttributeValue>
                        <AttributeDesignator
                            Category="urn:oasis:names:tc:xacml:3.0:attribute-category:resource"
                            AttributeId="urn:oasis:names:tc:xacml:1.0:resource:OperationId"
                            DataType="http://www.w3.org/2001/XMLSchema#string"
                            MustBePresent="true" />
                    </Match>
                </AllOf>
            </AnyOf>
        </Target>
        <Rule RuleId="permit-allowed-accounts" Effect="Permit">
            <Description>Permit when at least one allowed accounts exist
            </Description>
            <Condition>
                <Apply
                    FunctionId="urn:oasis:names:tc:xacml:1.0:function:integer-less-than">
                    <Apply
                        FunctionId="urn:oasis:names:tc:xacml:1.0:function:integer-one-and-only">
                        <AttributeDesignator
                            Category="urn:oasis:names:tc:xacml:3.0:attribute-category:resource"
                            AttributeId="urn:oasis:names:tc:xacml:1.0:resource:amount"
                            DataType="http://www.w3.org/2001/XMLSchema#integer"
                            MustBePresent="true" />
                    </Apply>
                    <AttributeValue
                        DataType="http://www.w3.org/2001/XMLSchema#integer">10000</AttributeValue>
                </Apply>
            </Condition>
        </Rule>
        <Rule RuleId="deny-otherwise" Effect="Deny" />
    </Policy>
     <Policy PolicyId="permit-only-allowed-accounts1" Version="1.0"
        RuleCombiningAlgId="urn:oasis:names:tc:xacml:1.0:rule-combining-algorithm:first-applicable">
        <Target>
            <AnyOf>
                <AllOf>
                    <Match
                        MatchId="urn:oasis:names:tc:xacml:1.0:function:string-equal">
                        <AttributeValue
                            DataType="http://www.w3.org/2001/XMLSchema#string">UpdatePaymentOrder</AttributeValue>
                        <AttributeDesignator
                            Category="urn:oasis:names:tc:xacml:3.0:attribute-category:resource"
                            AttributeId="urn:oasis:names:tc:xacml:1.0:resource:OperationId"
                            DataType="http://www.w3.org/2001/XMLSchema#string"
                            MustBePresent="true" />
                    </Match>
                    <Match
                        MatchId="urn:oasis:names:tc:xacml:1.0:function:string-equal">
                        <AttributeValue
                            DataType="http://www.w3.org/2001/XMLSchema#string">callcenteruser</AttributeValue>
                        <AttributeDesignator
                            Category="urn:oasis:names:tc:xacml:3.0:attribute-category:subject"
                            AttributeId="urn:oasis:names:tc:xacml:1.0:subject:x-authz-user.role"
                            DataType="http://www.w3.org/2001/XMLSchema#string"
                            MustBePresent="true" />
                    </Match>
                </AllOf>
            </AnyOf>
        </Target>
        <Rule RuleId="permit-allowed-accounts" Effect="Permit">
            <Description>Permit when at least one allowed accounts exist
            </Description>
            <Condition>
                <Apply
                    FunctionId="urn:oasis:names:tc:xacml:1.0:function:integer-less-than">
                    <Apply
                        FunctionId="urn:oasis:names:tc:xacml:1.0:function:integer-one-and-only">
                        <AttributeDesignator
                            Category="urn:oasis:names:tc:xacml:3.0:attribute-category:resource"
                            AttributeId="urn:oasis:names:tc:xacml:1.0:resource:amount"
                            DataType="http://www.w3.org/2001/XMLSchema#integer"
                            MustBePresent="true" />
                    </Apply>
                    <AttributeValue
                        DataType="http://www.w3.org/2001/XMLSchema#integer">10000</AttributeValue>
                </Apply>
            </Condition>
        </Rule>
        <Rule RuleId="deny-otherwise" Effect="Deny" />
    </Policy>
</PolicySet>